<html>
<head>
<title>TestNG:  Test</title>
<link href="../testng.css" rel="stylesheet" type="text/css" />
<link href="../my-testng.css" rel="stylesheet" type="text/css" />

<style type="text/css">
.log { display: none;} 
.stack-trace { display: none;} 
</style>
<script type="text/javascript">
<!--
function flip(e) {
  current = e.style.display;
  if (current == 'block') {
    e.style.display = 'none';
    return 0;
  }
  else {
    e.style.display = 'block';
    return 1;
  }
}

function toggleBox(szDivId, elem, msg1, msg2)
{
  var res = -1;  if (document.getElementById) {
    res = flip(document.getElementById(szDivId));
  }
  else if (document.all) {
    // this is the way old msie versions work
    res = flip(document.all[szDivId]);
  }
  if(elem) {
    if(res == 0) elem.innerHTML = msg1; else elem.innerHTML = msg2;
  }

}

function toggleAllBoxes() {
  if (document.getElementsByTagName) {
    d = document.getElementsByTagName('div');
    for (i = 0; i < d.length; i++) {
      if (d[i].className == 'log') {
        flip(d[i]);
      }
    }
  }
}

// -->
</script>

</head>
<body>
<h2 align='center'>Test</h2><table border='1' align="center">
<tr>
<td>Tests passed/Failed/Skipped:</td><td>6/1/0</td>
</tr><tr>
<td>Started on:</td><td>Tue Feb 06 15:55:30 IST 2024</td>
</tr>
<tr><td>Total time:</td><td>13 seconds (13097 ms)</td>
</tr><tr>
<td>Included groups:</td><td></td>
</tr><tr>
<td>Excluded groups:</td><td></td>
</tr>
</table><p/>
<small><i>(Hover the method name to see the test class name)</i></small><p/>
<table width='100%' border='1' class='invocation-failed'>
<tr><td colspan='4' align='center'><b>FAILED TESTS</b></td></tr>
<tr><td><b>Test method</b></td>
<td width="30%"><b>Exception</b></td>
<td width="10%"><b>Time (seconds)</b></td>
<td><b>Instance</b></td>
</tr>
<tr>
<td title='apiframework.DeleteCustomerTest.deleteCustomerWithValidIDWithDeletedRecord()'><b>deleteCustomerWithValidIDWithDeletedRecord</b><br>Test class: apiframework.DeleteCustomerTest<br>Parameters: org.testng.TestRunner@451816fd</td>
<td><div><pre>java.lang.AssertionError: expected [200] but found [404]
	at apiframework.DeleteCustomerTest.deleteCustomerWithValidIDWithDeletedRecord(DeleteCustomerTest.java:42)
	at java.base/java.util.ArrayList.forEach(ArrayList.java:1511)
... Removed 35 stack frames</pre></div><a href='#' onClick='toggleBox("stack-trace41595398", this, "Click to show all stack frames", "Click to hide stack frames")'>Click to show all stack frames</a>
<div class='stack-trace' id='stack-trace41595398'><pre>java.lang.AssertionError: expected [200] but found [404]
	at org.testng.Assert.fail(Assert.java:99)
	at org.testng.Assert.failNotEquals(Assert.java:1037)
	at org.testng.Assert.assertEqualsImpl(Assert.java:140)
	at org.testng.Assert.assertEquals(Assert.java:122)
	at org.testng.Assert.assertEquals(Assert.java:907)
	at org.testng.Assert.assertEquals(Assert.java:917)
	at apiframework.DeleteCustomerTest.deleteCustomerWithValidIDWithDeletedRecord(DeleteCustomerTest.java:42)
	at java.base/jdk.internal.reflect.DirectMethodHandleAccessor.invoke(DirectMethodHandleAccessor.java:104)
	at java.base/java.lang.reflect.Method.invoke(Method.java:578)
	at org.testng.internal.MethodInvocationHelper.invokeMethod(MethodInvocationHelper.java:132)
	at org.testng.internal.TestInvoker.invokeMethod(TestInvoker.java:599)
	at org.testng.internal.TestInvoker.invokeTestMethod(TestInvoker.java:174)
	at org.testng.internal.MethodRunner.runInSequence(MethodRunner.java:46)
	at org.testng.internal.TestInvoker$MethodInvocationAgent.invoke(TestInvoker.java:822)
	at org.testng.internal.TestInvoker.invokeTestMethods(TestInvoker.java:147)
	at org.testng.internal.TestMethodWorker.invokeTestMethods(TestMethodWorker.java:146)
	at org.testng.internal.TestMethodWorker.run(TestMethodWorker.java:128)
	at java.base/java.util.ArrayList.forEach(ArrayList.java:1511)
	at org.testng.TestRunner.privateRun(TestRunner.java:764)
	at org.testng.TestRunner.run(TestRunner.java:585)
	at org.testng.SuiteRunner.runTest(SuiteRunner.java:384)
	at org.testng.SuiteRunner.runSequentially(SuiteRunner.java:378)
	at org.testng.SuiteRunner.privateRun(SuiteRunner.java:337)
	at org.testng.SuiteRunner.run(SuiteRunner.java:286)
	at org.testng.SuiteRunnerWorker.runSuite(SuiteRunnerWorker.java:53)
	at org.testng.SuiteRunnerWorker.run(SuiteRunnerWorker.java:96)
	at org.testng.TestNG.runSuitesSequentially(TestNG.java:1218)
	at org.testng.TestNG.runSuitesLocally(TestNG.java:1140)
	at org.testng.TestNG.runSuites(TestNG.java:1069)
	at org.testng.TestNG.run(TestNG.java:1037)
	at org.apache.maven.surefire.testng.TestNGExecutor.run(TestNGExecutor.java:283)
	at org.apache.maven.surefire.testng.TestNGXmlTestSuite.execute(TestNGXmlTestSuite.java:75)
	at org.apache.maven.surefire.testng.TestNGProvider.invoke(TestNGProvider.java:120)
	at org.apache.maven.surefire.booter.ForkedBooter.invokeProviderInSameClassLoader(ForkedBooter.java:383)
	at org.apache.maven.surefire.booter.ForkedBooter.runSuitesInProcess(ForkedBooter.java:344)
	at org.apache.maven.surefire.booter.ForkedBooter.execute(ForkedBooter.java:125)
	at org.apache.maven.surefire.booter.ForkedBooter.main(ForkedBooter.java:417)
</pre></div></td>
<td>0</td>
<td>apiframework.DeleteCustomerTest@536f2a7e</td></tr>
</table><p>
<table width='100%' border='1' class='invocation-passed'>
<tr><td colspan='4' align='center'><b>PASSED TESTS</b></td></tr>
<tr><td><b>Test method</b></td>
<td width="30%"><b>Exception</b></td>
<td width="10%"><b>Time (seconds)</b></td>
<td><b>Instance</b></td>
</tr>
<tr>
<td title='apiframework.DeleteCustomerTest.deleteCustomerWithValidID()'><b>deleteCustomerWithValidID</b><br>Test class: apiframework.DeleteCustomerTest<br>Parameters: org.testng.TestRunner@451816fd</td>
<td></td>
<td>0</td>
<td>apiframework.DeleteCustomerTest@536f2a7e</td></tr>
<tr>
<td title='apiframework.CreateCustomerTest.validateCreateCustomerAPIWithInValidSecretKey()'><b>validateCreateCustomerAPIWithInValidSecretKey</b><br>Test class: apiframework.CreateCustomerTest<br>Parameters: {address[line1]=aj th setree, name=aj, email=aj@email.comj, description=aj decription}</td>
<td></td>
<td>4</td>
<td>apiframework.CreateCustomerTest@312aa7c</td></tr>
<tr>
<td title='apiframework.CreateCustomerTest.validateCreateCustomerAPIWithValidSecretKey()'><b>validateCreateCustomerAPIWithValidSecretKey</b><br>Test class: apiframework.CreateCustomerTest<br>Parameters: {address[line1]=10 th setree, name=a1, email=a1@email.com1, description=a1 decription}, org.testng.TestRunner@451816fd</td>
<td></td>
<td>2</td>
<td>apiframework.CreateCustomerTest@312aa7c</td></tr>
<tr>
<td title='apiframework.CreateCustomerTest.validateCreateCustomerAPIWithValidSecretKey()'><b>validateCreateCustomerAPIWithValidSecretKey</b><br>Test class: apiframework.CreateCustomerTest<br>Parameters: {address[line1]=11 th setree, name=a2, email=a1@email.com2, description=a2 decription}, org.testng.TestRunner@451816fd</td>
<td></td>
<td>0</td>
<td>apiframework.CreateCustomerTest@312aa7c</td></tr>
<tr>
<td title='apiframework.CreateCustomerTest.validateCreateCustomerAPIWithValidSecretKey()'><b>validateCreateCustomerAPIWithValidSecretKey</b><br>Test class: apiframework.CreateCustomerTest<br>Parameters: {address[line1]=12 th setree, name=a3, email=a1@email.com3, description=a3 decription}, org.testng.TestRunner@451816fd</td>
<td></td>
<td>0</td>
<td>apiframework.CreateCustomerTest@312aa7c</td></tr>
<tr>
<td title='apiframework.CreateCustomerTest.validateCreateCustomerAPIWithValidSecretKey()'><b>validateCreateCustomerAPIWithValidSecretKey</b><br>Test class: apiframework.CreateCustomerTest<br>Parameters: {address[line1]=13 th setree, name=a4, email=a1@email.com4, description=a4 decription}, org.testng.TestRunner@451816fd</td>
<td></td>
<td>0</td>
<td>apiframework.CreateCustomerTest@312aa7c</td></tr>
</table><p>
</body>
</html>