<?xml version="1.0" encoding="UTF-8"?>
<testng-results ignored="2" total="9" passed="6" failed="1" skipped="0">
  <reporter-output>
  </reporter-output>
  <suite started-at="2024-02-06T15:55:30 IST" name="Suite" finished-at="2024-02-06T15:55:43 IST" duration-ms="13097">
    <groups>
    </groups>
    <test started-at="2024-02-06T15:55:30 IST" name="Test" finished-at="2024-02-06T15:55:43 IST" duration-ms="13097">
      <class name="apiframework.CreateCustomerTest">
        <test-method is-config="true" signature="setUp()[pri:0, instance:apiframework.CreateCustomerTest@312aa7c]" started-at="2024-02-06T15:55:30 IST" name="setUp" finished-at="2024-02-06T15:55:32 IST" duration-ms="1362" status="PASS">
          <reporter-output>
          </reporter-output>
        </test-method> <!-- setUp -->
        <test-method is-config="true" signature="setReport(org.testng.ITestContext)[pri:0, instance:apiframework.CreateCustomerTest@312aa7c]" started-at="2024-02-06T15:55:32 IST" name="setReport" finished-at="2024-02-06T15:55:32 IST" duration-ms="441" status="PASS">
          <params>
            <param index="0">
              <value>
                <![CDATA[org.testng.TestRunner@451816fd]]>
              </value>
            </param>
          </params>
          <reporter-output>
          </reporter-output>
        </test-method> <!-- setReport -->
        <test-method signature="validateCreateCustomerAPIWithInValidSecretKey(java.util.Hashtable)[pri:0, instance:apiframework.CreateCustomerTest@312aa7c]" started-at="2024-02-06T15:55:32 IST" name="validateCreateCustomerAPIWithInValidSecretKey" data-provider="getData" finished-at="2024-02-06T15:55:37 IST" duration-ms="4491" status="PASS">
          <params>
            <param index="0">
              <value>
                <![CDATA[{address[line1]=aj th setree, name=aj, email=aj@email.comj, description=aj decription}]]>
              </value>
            </param>
          </params>
          <reporter-output>
          </reporter-output>
        </test-method> <!-- validateCreateCustomerAPIWithInValidSecretKey -->
        <test-method is-config="true" signature="setReport(org.testng.ITestContext)[pri:0, instance:apiframework.CreateCustomerTest@312aa7c]" started-at="2024-02-06T15:55:37 IST" name="setReport" finished-at="2024-02-06T15:55:37 IST" duration-ms="2" status="PASS">
          <params>
            <param index="0">
              <value>
                <![CDATA[org.testng.TestRunner@451816fd]]>
              </value>
            </param>
          </params>
          <reporter-output>
          </reporter-output>
        </test-method> <!-- setReport -->
        <test-method signature="validateCreateCustomerAPIWithValidSecretKey(java.util.Hashtable, org.testng.ITestContext)[pri:0, instance:apiframework.CreateCustomerTest@312aa7c]" started-at="2024-02-06T15:55:37 IST" name="validateCreateCustomerAPIWithValidSecretKey" data-provider="getData" finished-at="2024-02-06T15:55:39 IST" duration-ms="2632" status="PASS">
          <params>
            <param index="0">
              <value>
                <![CDATA[{address[line1]=10 th setree, name=a1, email=a1@email.com1, description=a1 decription}]]>
              </value>
            </param>
            <param index="1">
              <value>
                <![CDATA[org.testng.TestRunner@451816fd]]>
              </value>
            </param>
          </params>
          <reporter-output>
          </reporter-output>
        </test-method> <!-- validateCreateCustomerAPIWithValidSecretKey -->
        <test-method is-config="true" signature="setReport(org.testng.ITestContext)[pri:0, instance:apiframework.CreateCustomerTest@312aa7c]" started-at="2024-02-06T15:55:39 IST" name="setReport" finished-at="2024-02-06T15:55:39 IST" duration-ms="1" status="PASS">
          <params>
            <param index="0">
              <value>
                <![CDATA[org.testng.TestRunner@451816fd]]>
              </value>
            </param>
          </params>
          <reporter-output>
          </reporter-output>
        </test-method> <!-- setReport -->
        <test-method signature="validateCreateCustomerAPIWithValidSecretKey(java.util.Hashtable, org.testng.ITestContext)[pri:0, instance:apiframework.CreateCustomerTest@312aa7c]" started-at="2024-02-06T15:55:39 IST" name="validateCreateCustomerAPIWithValidSecretKey" data-provider="getData" finished-at="2024-02-06T15:55:40 IST" duration-ms="682" status="PASS">
          <params>
            <param index="0">
              <value>
                <![CDATA[{address[line1]=11 th setree, name=a2, email=a1@email.com2, description=a2 decription}]]>
              </value>
            </param>
            <param index="1">
              <value>
                <![CDATA[org.testng.TestRunner@451816fd]]>
              </value>
            </param>
          </params>
          <reporter-output>
          </reporter-output>
        </test-method> <!-- validateCreateCustomerAPIWithValidSecretKey -->
        <test-method is-config="true" signature="setReport(org.testng.ITestContext)[pri:0, instance:apiframework.CreateCustomerTest@312aa7c]" started-at="2024-02-06T15:55:40 IST" name="setReport" finished-at="2024-02-06T15:55:40 IST" duration-ms="1" status="PASS">
          <params>
            <param index="0">
              <value>
                <![CDATA[org.testng.TestRunner@451816fd]]>
              </value>
            </param>
          </params>
          <reporter-output>
          </reporter-output>
        </test-method> <!-- setReport -->
        <test-method signature="validateCreateCustomerAPIWithValidSecretKey(java.util.Hashtable, org.testng.ITestContext)[pri:0, instance:apiframework.CreateCustomerTest@312aa7c]" started-at="2024-02-06T15:55:40 IST" name="validateCreateCustomerAPIWithValidSecretKey" data-provider="getData" finished-at="2024-02-06T15:55:41 IST" duration-ms="658" status="PASS">
          <params>
            <param index="0">
              <value>
                <![CDATA[{address[line1]=12 th setree, name=a3, email=a1@email.com3, description=a3 decription}]]>
              </value>
            </param>
            <param index="1">
              <value>
                <![CDATA[org.testng.TestRunner@451816fd]]>
              </value>
            </param>
          </params>
          <reporter-output>
          </reporter-output>
        </test-method> <!-- validateCreateCustomerAPIWithValidSecretKey -->
        <test-method is-config="true" signature="setReport(org.testng.ITestContext)[pri:0, instance:apiframework.CreateCustomerTest@312aa7c]" started-at="2024-02-06T15:55:41 IST" name="setReport" finished-at="2024-02-06T15:55:41 IST" duration-ms="1" status="PASS">
          <params>
            <param index="0">
              <value>
                <![CDATA[org.testng.TestRunner@451816fd]]>
              </value>
            </param>
          </params>
          <reporter-output>
          </reporter-output>
        </test-method> <!-- setReport -->
        <test-method signature="validateCreateCustomerAPIWithValidSecretKey(java.util.Hashtable, org.testng.ITestContext)[pri:0, instance:apiframework.CreateCustomerTest@312aa7c]" started-at="2024-02-06T15:55:41 IST" name="validateCreateCustomerAPIWithValidSecretKey" data-provider="getData" finished-at="2024-02-06T15:55:41 IST" duration-ms="558" status="PASS">
          <params>
            <param index="0">
              <value>
                <![CDATA[{address[line1]=13 th setree, name=a4, email=a1@email.com4, description=a4 decription}]]>
              </value>
            </param>
            <param index="1">
              <value>
                <![CDATA[org.testng.TestRunner@451816fd]]>
              </value>
            </param>
          </params>
          <reporter-output>
          </reporter-output>
        </test-method> <!-- validateCreateCustomerAPIWithValidSecretKey -->
        <test-method is-config="true" signature="tearDown(org.testng.ITestContext)[pri:0, instance:apiframework.CreateCustomerTest@312aa7c]" started-at="2024-02-06T15:55:42 IST" name="tearDown" finished-at="2024-02-06T15:55:43 IST" duration-ms="914" status="PASS">
          <params>
            <param index="0">
              <value>
                <![CDATA[org.testng.TestRunner@451816fd]]>
              </value>
            </param>
          </params>
          <reporter-output>
          </reporter-output>
        </test-method> <!-- tearDown -->
      </class> <!-- apiframework.CreateCustomerTest -->
      <class name="apiframework.DeleteCustomerTest">
        <test-method is-config="true" signature="setReport(org.testng.ITestContext)[pri:0, instance:apiframework.DeleteCustomerTest@536f2a7e]" started-at="2024-02-06T15:55:41 IST" name="setReport" finished-at="2024-02-06T15:55:41 IST" duration-ms="1" status="PASS">
          <params>
            <param index="0">
              <value>
                <![CDATA[org.testng.TestRunner@451816fd]]>
              </value>
            </param>
          </params>
          <reporter-output>
          </reporter-output>
        </test-method> <!-- setReport -->
        <test-method signature="deleteCustomerWithValidID(org.testng.ITestContext)[pri:0, instance:apiframework.DeleteCustomerTest@536f2a7e]" started-at="2024-02-06T15:55:41 IST" name="deleteCustomerWithValidID" finished-at="2024-02-06T15:55:42 IST" duration-ms="687" status="PASS">
          <params>
            <param index="0">
              <value>
                <![CDATA[org.testng.TestRunner@451816fd]]>
              </value>
            </param>
          </params>
          <reporter-output>
          </reporter-output>
        </test-method> <!-- deleteCustomerWithValidID -->
        <test-method is-config="true" signature="setReport(org.testng.ITestContext)[pri:0, instance:apiframework.DeleteCustomerTest@536f2a7e]" started-at="2024-02-06T15:55:42 IST" name="setReport" finished-at="2024-02-06T15:55:42 IST" duration-ms="0" status="PASS">
          <params>
            <param index="0">
              <value>
                <![CDATA[org.testng.TestRunner@451816fd]]>
              </value>
            </param>
          </params>
          <reporter-output>
          </reporter-output>
        </test-method> <!-- setReport -->
        <test-method signature="deleteCustomerWithValidIDWithDeletedRecord(org.testng.ITestContext)[pri:0, instance:apiframework.DeleteCustomerTest@536f2a7e]" started-at="2024-02-06T15:55:42 IST" name="deleteCustomerWithValidIDWithDeletedRecord" finished-at="2024-02-06T15:55:42 IST" duration-ms="521" status="FAIL">
          <params>
            <param index="0">
              <value>
                <![CDATA[org.testng.TestRunner@451816fd]]>
              </value>
            </param>
          </params>
          <exception class="java.lang.AssertionError">
            <message>
              <![CDATA[expected [200] but found [404]]]>
            </message>
            <full-stacktrace>
              <![CDATA[java.lang.AssertionError: expected [200] but found [404]
at org.testng.Assert.fail(Assert.java:99)
at org.testng.Assert.failNotEquals(Assert.java:1037)
at org.testng.Assert.assertEqualsImpl(Assert.java:140)
at org.testng.Assert.assertEquals(Assert.java:122)
at org.testng.Assert.assertEquals(Assert.java:907)
at org.testng.Assert.assertEquals(Assert.java:917)
at apiframework.DeleteCustomerTest.deleteCustomerWithValidIDWithDeletedRecord(DeleteCustomerTest.java:42)
at java.base/jdk.internal.reflect.DirectMethodHandleAccessor.invoke(DirectMethodHandleAccessor.java:104)
at java.base/java.lang.reflect.Method.invoke(Method.java:578)
at org.testng.internal.MethodInvocationHelper.invokeMethod(MethodInvocationHelper.java:132)
at org.testng.internal.TestInvoker.invokeMethod(TestInvoker.java:599)
at org.testng.internal.TestInvoker.invokeTestMethod(TestInvoker.java:174)
at org.testng.internal.MethodRunner.runInSequence(MethodRunner.java:46)
at org.testng.internal.TestInvoker$MethodInvocationAgent.invoke(TestInvoker.java:822)
at org.testng.internal.TestInvoker.invokeTestMethods(TestInvoker.java:147)
at org.testng.internal.TestMethodWorker.invokeTestMethods(TestMethodWorker.java:146)
at org.testng.internal.TestMethodWorker.run(TestMethodWorker.java:128)
at java.base/java.util.ArrayList.forEach(ArrayList.java:1511)
at org.testng.TestRunner.privateRun(TestRunner.java:764)
at org.testng.TestRunner.run(TestRunner.java:585)
at org.testng.SuiteRunner.runTest(SuiteRunner.java:384)
at org.testng.SuiteRunner.runSequentially(SuiteRunner.java:378)
at org.testng.SuiteRunner.privateRun(SuiteRunner.java:337)
at org.testng.SuiteRunner.run(SuiteRunner.java:286)
at org.testng.SuiteRunnerWorker.runSuite(SuiteRunnerWorker.java:53)
at org.testng.SuiteRunnerWorker.run(SuiteRunnerWorker.java:96)
at org.testng.TestNG.runSuitesSequentially(TestNG.java:1218)
at org.testng.TestNG.runSuitesLocally(TestNG.java:1140)
at org.testng.TestNG.runSuites(TestNG.java:1069)
at org.testng.TestNG.run(TestNG.java:1037)
at org.apache.maven.surefire.testng.TestNGExecutor.run(TestNGExecutor.java:283)
at org.apache.maven.surefire.testng.TestNGXmlTestSuite.execute(TestNGXmlTestSuite.java:75)
at org.apache.maven.surefire.testng.TestNGProvider.invoke(TestNGProvider.java:120)
at org.apache.maven.surefire.booter.ForkedBooter.invokeProviderInSameClassLoader(ForkedBooter.java:383)
at org.apache.maven.surefire.booter.ForkedBooter.runSuitesInProcess(ForkedBooter.java:344)
at org.apache.maven.surefire.booter.ForkedBooter.execute(ForkedBooter.java:125)
at org.apache.maven.surefire.booter.ForkedBooter.main(ForkedBooter.java:417)
]]>
            </full-stacktrace>
          </exception> <!-- java.lang.AssertionError -->
          <reporter-output>
          </reporter-output>
        </test-method> <!-- deleteCustomerWithValidIDWithDeletedRecord -->
      </class> <!-- apiframework.DeleteCustomerTest -->
    </test> <!-- Test -->
  </suite> <!-- Suite -->
</testng-results>
