<?xml version="1.0" encoding="UTF-8"?>
<testng-results ignored="0" total="7" passed="6" failed="1" skipped="0">
  <reporter-output>
  </reporter-output>
  <suite started-at="2024-02-06T11:39:59 IST" name="Suite" finished-at="2024-02-06T11:40:12 IST" duration-ms="13250">
    <groups>
    </groups>
    <test started-at="2024-02-06T11:39:59 IST" name="Test" finished-at="2024-02-06T11:40:12 IST" duration-ms="13250">
      <class name="apiframework.CreateCustomerTest">
        <test-method is-config="true" signature="setUp()[pri:0, instance:apiframework.CreateCustomerTest@6cdba6dc]" started-at="2024-02-06T11:39:59 IST" name="setUp" finished-at="2024-02-06T11:40:01 IST" duration-ms="1967" status="PASS">
          <reporter-output>
          </reporter-output>
        </test-method> <!-- setUp -->
        <test-method is-config="true" signature="setReport(org.testng.ITestContext)[pri:0, instance:apiframework.CreateCustomerTest@6cdba6dc]" started-at="2024-02-06T11:40:01 IST" name="setReport" finished-at="2024-02-06T11:40:01 IST" duration-ms="521" status="PASS">
          <params>
            <param index="0">
              <value>
                <![CDATA[org.testng.TestRunner@2d2b6960]]>
              </value>
            </param>
          </params>
          <reporter-output>
          </reporter-output>
        </test-method> <!-- setReport -->
        <test-method signature="validateCreateCustomerAPIWithInValidSecretKey(java.util.Hashtable)[pri:0, instance:apiframework.CreateCustomerTest@6cdba6dc]" started-at="2024-02-06T11:40:01 IST" name="validateCreateCustomerAPIWithInValidSecretKey" data-provider="getData" finished-at="2024-02-06T11:40:06 IST" duration-ms="4563" status="PASS">
          <params>
            <param index="0">
              <value>
                <![CDATA[{address[line1]=aj th setree, name=aj, email=aj@email.comj, description=aj decription}]]>
              </value>
            </param>
          </params>
          <reporter-output>
          </reporter-output>
        </test-method> <!-- validateCreateCustomerAPIWithInValidSecretKey -->
        <test-method is-config="true" signature="setReport(org.testng.ITestContext)[pri:0, instance:apiframework.CreateCustomerTest@6cdba6dc]" started-at="2024-02-06T11:40:06 IST" name="setReport" finished-at="2024-02-06T11:40:06 IST" duration-ms="2" status="PASS">
          <params>
            <param index="0">
              <value>
                <![CDATA[org.testng.TestRunner@2d2b6960]]>
              </value>
            </param>
          </params>
          <reporter-output>
          </reporter-output>
        </test-method> <!-- setReport -->
        <test-method signature="validateCreateCustomerAPIWithValidSecretKey(java.util.Hashtable,org.testng.ITestContext)[pri:0, instance:apiframework.CreateCustomerTest@6cdba6dc]" started-at="2024-02-06T11:40:06 IST" name="validateCreateCustomerAPIWithValidSecretKey" data-provider="getData" finished-at="2024-02-06T11:40:08 IST" duration-ms="1934" status="PASS">
          <params>
            <param index="0">
              <value>
                <![CDATA[{address[line1]=10 th setree, name=a1, email=a1@email.com1, description=a1 decription}]]>
              </value>
            </param>
            <param index="1">
              <value>
                <![CDATA[org.testng.TestRunner@2d2b6960]]>
              </value>
            </param>
          </params>
          <reporter-output>
          </reporter-output>
        </test-method> <!-- validateCreateCustomerAPIWithValidSecretKey -->
        <test-method is-config="true" signature="setReport(org.testng.ITestContext)[pri:0, instance:apiframework.CreateCustomerTest@6cdba6dc]" started-at="2024-02-06T11:40:08 IST" name="setReport" finished-at="2024-02-06T11:40:08 IST" duration-ms="2" status="PASS">
          <params>
            <param index="0">
              <value>
                <![CDATA[org.testng.TestRunner@2d2b6960]]>
              </value>
            </param>
          </params>
          <reporter-output>
          </reporter-output>
        </test-method> <!-- setReport -->
        <test-method signature="validateCreateCustomerAPIWithValidSecretKey(java.util.Hashtable,org.testng.ITestContext)[pri:0, instance:apiframework.CreateCustomerTest@6cdba6dc]" started-at="2024-02-06T11:40:08 IST" name="validateCreateCustomerAPIWithValidSecretKey" data-provider="getData" finished-at="2024-02-06T11:40:09 IST" duration-ms="603" status="PASS">
          <params>
            <param index="0">
              <value>
                <![CDATA[{address[line1]=11 th setree, name=a2, email=a1@email.com2, description=a2 decription}]]>
              </value>
            </param>
            <param index="1">
              <value>
                <![CDATA[org.testng.TestRunner@2d2b6960]]>
              </value>
            </param>
          </params>
          <reporter-output>
          </reporter-output>
        </test-method> <!-- validateCreateCustomerAPIWithValidSecretKey -->
        <test-method is-config="true" signature="setReport(org.testng.ITestContext)[pri:0, instance:apiframework.CreateCustomerTest@6cdba6dc]" started-at="2024-02-06T11:40:09 IST" name="setReport" finished-at="2024-02-06T11:40:09 IST" duration-ms="2" status="PASS">
          <params>
            <param index="0">
              <value>
                <![CDATA[org.testng.TestRunner@2d2b6960]]>
              </value>
            </param>
          </params>
          <reporter-output>
          </reporter-output>
        </test-method> <!-- setReport -->
        <test-method signature="validateCreateCustomerAPIWithValidSecretKey(java.util.Hashtable,org.testng.ITestContext)[pri:0, instance:apiframework.CreateCustomerTest@6cdba6dc]" started-at="2024-02-06T11:40:09 IST" name="validateCreateCustomerAPIWithValidSecretKey" data-provider="getData" finished-at="2024-02-06T11:40:10 IST" duration-ms="878" status="PASS">
          <params>
            <param index="0">
              <value>
                <![CDATA[{address[line1]=12 th setree, name=a3, email=a1@email.com3, description=a3 decription}]]>
              </value>
            </param>
            <param index="1">
              <value>
                <![CDATA[org.testng.TestRunner@2d2b6960]]>
              </value>
            </param>
          </params>
          <reporter-output>
          </reporter-output>
        </test-method> <!-- validateCreateCustomerAPIWithValidSecretKey -->
        <test-method is-config="true" signature="setReport(org.testng.ITestContext)[pri:0, instance:apiframework.CreateCustomerTest@6cdba6dc]" started-at="2024-02-06T11:40:10 IST" name="setReport" finished-at="2024-02-06T11:40:10 IST" duration-ms="1" status="PASS">
          <params>
            <param index="0">
              <value>
                <![CDATA[org.testng.TestRunner@2d2b6960]]>
              </value>
            </param>
          </params>
          <reporter-output>
          </reporter-output>
        </test-method> <!-- setReport -->
        <test-method signature="validateCreateCustomerAPIWithValidSecretKey(java.util.Hashtable,org.testng.ITestContext)[pri:0, instance:apiframework.CreateCustomerTest@6cdba6dc]" started-at="2024-02-06T11:40:10 IST" name="validateCreateCustomerAPIWithValidSecretKey" data-provider="getData" finished-at="2024-02-06T11:40:10 IST" duration-ms="799" status="PASS">
          <params>
            <param index="0">
              <value>
                <![CDATA[{address[line1]=13 th setree, name=a4, email=a1@email.com4, description=a4 decription}]]>
              </value>
            </param>
            <param index="1">
              <value>
                <![CDATA[org.testng.TestRunner@2d2b6960]]>
              </value>
            </param>
          </params>
          <reporter-output>
          </reporter-output>
        </test-method> <!-- validateCreateCustomerAPIWithValidSecretKey -->
        <test-method is-config="true" signature="tearDown(org.testng.ITestContext)[pri:0, instance:apiframework.CreateCustomerTest@6cdba6dc]" started-at="2024-02-06T11:40:11 IST" name="tearDown" finished-at="2024-02-06T11:40:12 IST" duration-ms="811" status="PASS">
          <params>
            <param index="0">
              <value>
                <![CDATA[org.testng.TestRunner@2d2b6960]]>
              </value>
            </param>
          </params>
          <reporter-output>
          </reporter-output>
        </test-method> <!-- tearDown -->
      </class> <!-- apiframework.CreateCustomerTest -->
      <class name="apiframework.DeleteCustomerTest">
        <test-method is-config="true" signature="setReport(org.testng.ITestContext)[pri:0, instance:apiframework.DeleteCustomerTest@5be49b60]" started-at="2024-02-06T11:40:10 IST" name="setReport" finished-at="2024-02-06T11:40:10 IST" duration-ms="2" status="PASS">
          <params>
            <param index="0">
              <value>
                <![CDATA[org.testng.TestRunner@2d2b6960]]>
              </value>
            </param>
          </params>
          <reporter-output>
          </reporter-output>
        </test-method> <!-- setReport -->
        <test-method signature="deleteCustomerWithValidID(org.testng.ITestContext)[pri:0, instance:apiframework.DeleteCustomerTest@5be49b60]" started-at="2024-02-06T11:40:10 IST" name="deleteCustomerWithValidID" finished-at="2024-02-06T11:40:11 IST" duration-ms="527" status="PASS">
          <params>
            <param index="0">
              <value>
                <![CDATA[org.testng.TestRunner@2d2b6960]]>
              </value>
            </param>
          </params>
          <reporter-output>
          </reporter-output>
        </test-method> <!-- deleteCustomerWithValidID -->
        <test-method is-config="true" signature="setReport(org.testng.ITestContext)[pri:0, instance:apiframework.DeleteCustomerTest@5be49b60]" started-at="2024-02-06T11:40:11 IST" name="setReport" finished-at="2024-02-06T11:40:11 IST" duration-ms="1" status="PASS">
          <params>
            <param index="0">
              <value>
                <![CDATA[org.testng.TestRunner@2d2b6960]]>
              </value>
            </param>
          </params>
          <reporter-output>
          </reporter-output>
        </test-method> <!-- setReport -->
        <test-method signature="deleteCustomerWithValidIDWithDeletedRecord(org.testng.ITestContext)[pri:0, instance:apiframework.DeleteCustomerTest@5be49b60]" started-at="2024-02-06T11:40:11 IST" name="deleteCustomerWithValidIDWithDeletedRecord" finished-at="2024-02-06T11:40:11 IST" duration-ms="411" status="FAIL">
          <params>
            <param index="0">
              <value>
                <![CDATA[org.testng.TestRunner@2d2b6960]]>
              </value>
            </param>
          </params>
          <exception class="java.lang.AssertionError">
            <message>
              <![CDATA[expected [200] but found [404]]]>
            </message>
            <full-stacktrace>
              <![CDATA[java.lang.AssertionError: expected [200] but found [404]
at org.testng.Assert.fail(Assert.java:111)
at org.testng.Assert.failNotEquals(Assert.java:1578)
at org.testng.Assert.assertEqualsImpl(Assert.java:150)
at org.testng.Assert.assertEquals(Assert.java:132)
at org.testng.Assert.assertEquals(Assert.java:1419)
at org.testng.Assert.assertEquals(Assert.java:1383)
at org.testng.Assert.assertEquals(Assert.java:1429)
at apiframework.DeleteCustomerTest.deleteCustomerWithValidIDWithDeletedRecord(DeleteCustomerTest.java:42)
at java.base/jdk.internal.reflect.NativeMethodAccessorImpl.invoke0(Native Method)
at java.base/jdk.internal.reflect.NativeMethodAccessorImpl.invoke(NativeMethodAccessorImpl.java:77)
at java.base/jdk.internal.reflect.DelegatingMethodAccessorImpl.invoke(DelegatingMethodAccessorImpl.java:43)
at java.base/java.lang.reflect.Method.invoke(Method.java:568)
at org.testng.internal.invokers.MethodInvocationHelper.invokeMethod(MethodInvocationHelper.java:139)
at org.testng.internal.invokers.TestInvoker.invokeMethod(TestInvoker.java:664)
at org.testng.internal.invokers.TestInvoker.invokeTestMethod(TestInvoker.java:227)
at org.testng.internal.invokers.MethodRunner.runInSequence(MethodRunner.java:50)
at org.testng.internal.invokers.TestInvoker$MethodInvocationAgent.invoke(TestInvoker.java:957)
at org.testng.internal.invokers.TestInvoker.invokeTestMethods(TestInvoker.java:200)
at org.testng.internal.invokers.TestMethodWorker.invokeTestMethods(TestMethodWorker.java:148)
at org.testng.internal.invokers.TestMethodWorker.run(TestMethodWorker.java:128)
at java.base/java.util.ArrayList.forEach(ArrayList.java:1511)
at org.testng.TestRunner.privateRun(TestRunner.java:848)
at org.testng.TestRunner.run(TestRunner.java:621)
at org.testng.SuiteRunner.runTest(SuiteRunner.java:443)
at org.testng.SuiteRunner.runSequentially(SuiteRunner.java:437)
at org.testng.SuiteRunner.privateRun(SuiteRunner.java:397)
at org.testng.SuiteRunner.run(SuiteRunner.java:336)
at org.testng.SuiteRunnerWorker.runSuite(SuiteRunnerWorker.java:52)
at org.testng.SuiteRunnerWorker.run(SuiteRunnerWorker.java:95)
at org.testng.TestNG.runSuitesSequentially(TestNG.java:1280)
at org.testng.TestNG.runSuitesLocally(TestNG.java:1200)
at org.testng.TestNG.runSuites(TestNG.java:1114)
at org.testng.TestNG.run(TestNG.java:1082)
at org.testng.remote.AbstractRemoteTestNG.run(AbstractRemoteTestNG.java:115)
at org.testng.remote.RemoteTestNG.initAndRun(RemoteTestNG.java:251)
at org.testng.remote.RemoteTestNG.main(RemoteTestNG.java:77)
]]>
            </full-stacktrace>
          </exception> <!-- java.lang.AssertionError -->
          <reporter-output>
          </reporter-output>
        </test-method> <!-- deleteCustomerWithValidIDWithDeletedRecord -->
      </class> <!-- apiframework.DeleteCustomerTest -->
    </test> <!-- Test -->
  </suite> <!-- Suite -->
</testng-results>
